[ 2017-05-04T16:57:37+08:00 ] ::1 /ibike/index.php/Home/Platform/addPlatform
INFO: [ app_init ] --START--
INFO: Run Behavior\BuildLiteBehavior [ RunTime:0.001000s ]
INFO: [ app_init ] --END-- [ RunTime:0.005000s ]
INFO: [ app_begin ] --START--
INFO: Run Behavior\ReadHtmlCacheBehavior [ RunTime:0.003000s ]
INFO: [ app_begin ] --END-- [ RunTime:0.006001s ]
SQL: SHOW COLUMNS FROM `tb_platform` [ RunTime:0.0030s ]
INFO: [ app_end ] --START--
INFO: Run Behavior\ShowPageTraceBehavior [ RunTime:0.003000s ]
INFO: [ app_end ] --END-- [ RunTime:0.007001s ]

[ 2017-05-04T16:58:01+08:00 ] ::1 /ibike/index.php/Home/Platform/addPlatform
INFO: [ app_init ] --START--
INFO: Run Behavior\BuildLiteBehavior [ RunTime:0.001000s ]
INFO: [ app_init ] --END-- [ RunTime:0.006000s ]
INFO: [ app_begin ] --START--
INFO: Run Behavior\ReadHtmlCacheBehavior [ RunTime:0.002000s ]
INFO: [ app_begin ] --END-- [ RunTime:0.006000s ]
SQL: SHOW COLUMNS FROM `tb_platform` [ RunTime:0.0030s ]
INFO: [ app_end ] --START--
INFO: Run Behavior\ShowPageTraceBehavior [ RunTime:0.003000s ]
INFO: [ app_end ] --END-- [ RunTime:0.007000s ]

[ 2017-05-04T17:02:00+08:00 ] ::1 /ibike/index.php/Home/Platform/addPlatform
INFO: [ app_init ] --START--
INFO: Run Behavior\BuildLiteBehavior [ RunTime:0.000000s ]
INFO: [ app_init ] --END-- [ RunTime:0.005001s ]
INFO: [ app_begin ] --START--
INFO: Run Behavior\ReadHtmlCacheBehavior [ RunTime:0.005000s ]
INFO: [ app_begin ] --END-- [ RunTime:0.008000s ]
SQL: SHOW COLUMNS FROM `tb_platform` [ RunTime:0.0030s ]
NOTIC: [2] Invalid argument supplied for foreach() D:\PHP-webapp\ibike\ThinkPHP\Library\Think\Model.class.php 第 267 行.
NOTIC: [2] Illegal string offset 'table' D:\PHP-webapp\ibike\ThinkPHP\Library\Think\Model.class.php 第 633 行.
NOTIC: [2] Illegal string offset 'model' D:\PHP-webapp\ibike\ThinkPHP\Library\Think\Model.class.php 第 645 行.
NOTIC: [2] Illegal string offset 'model' D:\PHP-webapp\ibike\ThinkPHP\Library\Think\Db\Driver.class.php 第 800 行.
NOTIC: [2] Invalid argument supplied for foreach() D:\PHP-webapp\ibike\ThinkPHP\Library\Think\Db\Driver.class.php 第 802 行.
NOTIC: [2] Illegal string offset 'table' D:\PHP-webapp\ibike\ThinkPHP\Library\Think\Db\Driver.class.php 第 822 行.
ERR: 1146:Table 'ibike.t' doesn't exist
 [ SQL语句 ] : INSERT INTO `t` () VALUES ()
ERR: 1146:Table 'ibike.t' doesn't exist
 [ SQL语句 ] : INSERT INTO `t` () VALUES ()
NOTIC: [2] Cannot modify header information - headers already sent by (output started at D:\PHP-webapp\ibike\ThinkPHP\Library\Think\Db\Driver.class.php:223) D:\PHP-webapp\ibike\ThinkPHP\Library\Think\Think.class.php 第 229 行.
NOTIC: [2] Cannot modify header information - headers already sent by (output started at D:\PHP-webapp\ibike\ThinkPHP\Library\Think\Db\Driver.class.php:223) D:\PHP-webapp\ibike\ThinkPHP\Library\Think\Think.class.php 第 230 行.

[ 2017-05-04T17:02:47+08:00 ] ::1 /ibike/index.php/Home/Platform/addPlatform
INFO: [ app_init ] --START--
INFO: Run Behavior\BuildLiteBehavior [ RunTime:0.000000s ]
INFO: [ app_init ] --END-- [ RunTime:0.005000s ]
INFO: [ app_begin ] --START--
INFO: Run Behavior\ReadHtmlCacheBehavior [ RunTime:0.002001s ]
INFO: [ app_begin ] --END-- [ RunTime:0.005001s ]
SQL: SHOW COLUMNS FROM `tb_platform` [ RunTime:0.0030s ]
INFO: [ app_end ] --START--
INFO: Run Behavior\ShowPageTraceBehavior [ RunTime:0.004000s ]
INFO: [ app_end ] --END-- [ RunTime:0.009000s ]

[ 2017-05-04T17:03:59+08:00 ] ::1 /ibike/index.php/Home/Platform/addPlatform
INFO: [ app_init ] --START--
INFO: Run Behavior\BuildLiteBehavior [ RunTime:0.001000s ]
INFO: [ app_init ] --END-- [ RunTime:0.008001s ]
INFO: [ app_begin ] --START--
INFO: Run Behavior\ReadHtmlCacheBehavior [ RunTime:0.002000s ]
INFO: [ app_begin ] --END-- [ RunTime:0.005001s ]
SQL: SHOW COLUMNS FROM `tb_platform` [ RunTime:0.0030s ]
INFO: [ app_end ] --START--
INFO: Run Behavior\ShowPageTraceBehavior [ RunTime:0.002000s ]
INFO: [ app_end ] --END-- [ RunTime:0.007001s ]

[ 2017-05-04T17:07:36+08:00 ] ::1 /ibike/index.php/Home/Platform/addPlatform
INFO: [ app_init ] --START--
INFO: Run Behavior\BuildLiteBehavior [ RunTime:0.001000s ]
INFO: [ app_init ] --END-- [ RunTime:0.007000s ]
INFO: [ app_begin ] --START--
INFO: Run Behavior\ReadHtmlCacheBehavior [ RunTime:0.002000s ]
INFO: [ app_begin ] --END-- [ RunTime:0.007001s ]
SQL: SHOW COLUMNS FROM `tb_platform` [ RunTime:0.0030s ]
SQL: INSERT INTO `tb_platform` (`pPosition`,`pIsUsed`) VALUES ('北京','0') [ RunTime:0.0140s ]
INFO: [ app_end ] --START--
INFO: Run Behavior\ShowPageTraceBehavior [ RunTime:0.003000s ]
INFO: [ app_end ] --END-- [ RunTime:0.007000s ]

[ 2017-05-04T17:10:30+08:00 ] ::1 /ibike/index.php/Home/Platform/addPlatform
INFO: [ app_init ] --START--
INFO: Run Behavior\BuildLiteBehavior [ RunTime:0.001000s ]
INFO: [ app_init ] --END-- [ RunTime:0.005000s ]
INFO: [ app_begin ] --START--
INFO: Run Behavior\ReadHtmlCacheBehavior [ RunTime:0.005000s ]
INFO: [ app_begin ] --END-- [ RunTime:0.011000s ]
SQL: SHOW COLUMNS FROM `tb_platform` [ RunTime:0.0030s ]
SQL: INSERT INTO `tb_platform` (`pPosition`,`pIsUsed`) VALUES ('上海','0') [ RunTime:0.0150s ]
ERR: 模板不存在:./Application/Home/View/Platform/addBikePlatform.html.html
NOTIC: [2] Cannot modify header information - headers already sent by (output started at D:\PHP-webapp\ibike\ThinkPHP\Common\functions.php:102) D:\PHP-webapp\ibike\ThinkPHP\Library\Think\Think.class.php 第 229 行.
NOTIC: [2] Cannot modify header information - headers already sent by (output started at D:\PHP-webapp\ibike\ThinkPHP\Common\functions.php:102) D:\PHP-webapp\ibike\ThinkPHP\Library\Think\Think.class.php 第 230 行.

[ 2017-05-04T17:11:16+08:00 ] ::1 /ibike/index.php/Home/Platform/addPlatform
INFO: [ app_init ] --START--
INFO: Run Behavior\BuildLiteBehavior [ RunTime:0.000000s ]
INFO: [ app_init ] --END-- [ RunTime:0.005000s ]
INFO: [ app_begin ] --START--
INFO: Run Behavior\ReadHtmlCacheBehavior [ RunTime:0.002000s ]
INFO: [ app_begin ] --END-- [ RunTime:0.006001s ]
SQL: SHOW COLUMNS FROM `tb_platform` [ RunTime:0.0030s ]
SQL: INSERT INTO `tb_platform` (`pPosition`,`pIsUsed`) VALUES ('上海','0') [ RunTime:0.0030s ]
ERR: 模板不存在:./Application/Home/View/Platform/addBikePlatform.html
NOTIC: [2] Cannot modify header information - headers already sent by (output started at D:\PHP-webapp\ibike\ThinkPHP\Common\functions.php:102) D:\PHP-webapp\ibike\ThinkPHP\Library\Think\Think.class.php 第 229 行.
NOTIC: [2] Cannot modify header information - headers already sent by (output started at D:\PHP-webapp\ibike\ThinkPHP\Common\functions.php:102) D:\PHP-webapp\ibike\ThinkPHP\Library\Think\Think.class.php 第 230 行.

[ 2017-05-04T17:12:24+08:00 ] ::1 /ibike/index.php/Home/Platform/addPlatform
INFO: [ app_init ] --START--
INFO: Run Behavior\BuildLiteBehavior [ RunTime:0.001001s ]
INFO: [ app_init ] --END-- [ RunTime:0.005001s ]
INFO: [ app_begin ] --START--
INFO: Run Behavior\ReadHtmlCacheBehavior [ RunTime:0.003000s ]
INFO: [ app_begin ] --END-- [ RunTime:0.010001s ]
SQL: SHOW COLUMNS FROM `tb_platform` [ RunTime:0.0030s ]
SQL: INSERT INTO `tb_platform` (`pPosition`,`pIsUsed`) VALUES ('上海','0') [ RunTime:0.0140s ]
ERR: 模板不存在:./Application/Home/View/Application/Home/View/addBikePlatform.html
NOTIC: [2] Cannot modify header information - headers already sent by (output started at D:\PHP-webapp\ibike\ThinkPHP\Common\functions.php:102) D:\PHP-webapp\ibike\ThinkPHP\Library\Think\Think.class.php 第 229 行.
NOTIC: [2] Cannot modify header information - headers already sent by (output started at D:\PHP-webapp\ibike\ThinkPHP\Common\functions.php:102) D:\PHP-webapp\ibike\ThinkPHP\Library\Think\Think.class.php 第 230 行.

[ 2017-05-04T17:24:33+08:00 ] ::1 /ibike/index.php/Home/Platform/addPlatform
INFO: [ app_init ] --START--
INFO: Run Behavior\BuildLiteBehavior [ RunTime:0.001000s ]
INFO: [ app_init ] --END-- [ RunTime:0.005000s ]
INFO: [ app_begin ] --START--
INFO: Run Behavior\ReadHtmlCacheBehavior [ RunTime:0.003001s ]
INFO: [ app_begin ] --END-- [ RunTime:0.009001s ]
SQL: SHOW COLUMNS FROM `tb_platform` [ RunTime:0.0040s ]
SQL: INSERT INTO `tb_platform` (`pPosition`,`pIsUsed`) VALUES ('上海','0') [ RunTime:0.0130s ]
ERR: 模板不存在:./Application/Home/View/Platform/addBikePlatform.html
NOTIC: [2] Cannot modify header information - headers already sent by (output started at D:\PHP-webapp\ibike\ThinkPHP\Common\functions.php:102) D:\PHP-webapp\ibike\ThinkPHP\Library\Think\Think.class.php 第 229 行.
NOTIC: [2] Cannot modify header information - headers already sent by (output started at D:\PHP-webapp\ibike\ThinkPHP\Common\functions.php:102) D:\PHP-webapp\ibike\ThinkPHP\Library\Think\Think.class.php 第 230 行.

[ 2017-05-04T17:24:42+08:00 ] ::1 /ibike/index.php/Home/Platform/addPlatform
INFO: [ app_init ] --START--
INFO: Run Behavior\BuildLiteBehavior [ RunTime:0.001000s ]
INFO: [ app_init ] --END-- [ RunTime:0.007000s ]
INFO: [ app_begin ] --START--
INFO: Run Behavior\ReadHtmlCacheBehavior [ RunTime:0.003000s ]
INFO: [ app_begin ] --END-- [ RunTime:0.011001s ]
SQL: SHOW COLUMNS FROM `tb_platform` [ RunTime:0.0070s ]
SQL: INSERT INTO `tb_platform` (`pPosition`,`pIsUsed`) VALUES ('上海','0') [ RunTime:0.0120s ]
ERR: 模板不存在:./Application/Home/View/Platform/addBikePlatform.html
NOTIC: [2] Cannot modify header information - headers already sent by (output started at D:\PHP-webapp\ibike\ThinkPHP\Common\functions.php:102) D:\PHP-webapp\ibike\ThinkPHP\Library\Think\Think.class.php 第 229 行.
NOTIC: [2] Cannot modify header information - headers already sent by (output started at D:\PHP-webapp\ibike\ThinkPHP\Common\functions.php:102) D:\PHP-webapp\ibike\ThinkPHP\Library\Think\Think.class.php 第 230 行.

